<?xml version="1.0" encoding="UTF-8"?>
<!-- Generated by org.testng.reporters.JUnitReportReporter -->
<testsuite hostname="DESKTOP-L0DQL8E" failures="0" tests="2" name="pageObjectclass.ActualTestCase" time="13.141" errors="0" timestamp="2025-07-25T14:37:42 IST" skipped="0">
  <testcase classname="pageObjectclass.ActualTestCase" name="test1" time="3.073"/>
  <testcase classname="pageObjectclass.ActualTestCase" name="test2" time="10.068"/>
</testsuite> <!-- pageObjectclass.ActualTestCase -->
